<?xml version="1.0" encoding="UTF-8"?>
<!-- Generated by org.testng.reporters.JUnitReportReporter -->
<testsuite hostname="LAPTOP-QS2J1VMC" failures="0" tests="1" name="purchaseOrderTestScript.CreatePurchaseorderwithItemandclickonUpwardsymbol" time="50.847" errors="0" timestamp="2021-10-08T12:00:03 IST" skipped="0">
  <testcase classname="purchaseOrderTestScript.CreatePurchaseorderwithItemandclickonUpwardsymbol" name="CreatePurchaseorderwithItemandclickonUpwardsymbol" time="50.847"/>
  <system-out/>
</testsuite> <!-- purchaseOrderTestScript.CreatePurchaseorderwithItemandclickonUpwardsymbol -->
