<?xml version="1.0" encoding="UTF-8"?>
<!-- Generated by org.testng.reporters.JUnitReportReporter -->
<testsuite hostname="LAPTOP-QS2J1VMC" failures="0" tests="1" name="TestScripts.TC_06CreatePurchaseorderwithItemandAddProduct" time="48.341" errors="0" timestamp="01 Oct 2021 18:44:07 GMT" skipped="0">
  <testcase classname="TestScripts.TC_06CreatePurchaseorderwithItemandAddProduct" name="tC_06CreatePurchaseorderwithItemandAddProduct" time="48.341"/>
</testsuite> <!-- TestScripts.TC_06CreatePurchaseorderwithItemandAddProduct -->
