<?xml version="1.0" encoding="UTF-8"?>
<!-- Generated by org.testng.reporters.JUnitReportReporter -->
<testsuite hostname="LAPTOP-QS2J1VMC" failures="0" tests="1" name="purchaseOrderTestScript.T1_CreatePurchaseorderwithItemandAddProduct" time="60.841" errors="0" timestamp="2021-10-13T10:36:41 IST" skipped="0">
  <testcase classname="purchaseOrderTestScript.T1_CreatePurchaseorderwithItemandAddProduct" name="CreatePurchaseorderwithItemandAddProduct" time="60.841"/>
  <system-out/>
</testsuite> <!-- purchaseOrderTestScript.T1_CreatePurchaseorderwithItemandAddProduct -->
