<?xml version="1.0" encoding="UTF-8"?>
<!-- Generated by org.testng.reporters.JUnitReportReporter -->
<testsuite hostname="LAPTOP-QS2J1VMC" failures="0" tests="1" name="purchaseOrderTestScript.CreatePurchaseorderwithItemandAddService" time="63.501" errors="0" timestamp="2021-10-08T14:46:27 IST" skipped="0">
  <testcase classname="purchaseOrderTestScript.CreatePurchaseorderwithItemandAddService" name="CreatePurchaseorderwithItemandAddService" time="63.501"/>
  <system-out/>
</testsuite> <!-- purchaseOrderTestScript.CreatePurchaseorderwithItemandAddService -->
