<?xml version="1.0" encoding="UTF-8"?>
<!-- Generated by org.testng.reporters.JUnitReportReporter -->
<testsuite hostname="LAPTOP-QS2J1VMC" failures="0" tests="1" name="purchaseOrderTestScript.T2_CreatePurchaseorderwithItemandAddService" time="41.749" errors="0" timestamp="2021-10-13T10:37:43 IST" skipped="0">
  <testcase classname="purchaseOrderTestScript.T2_CreatePurchaseorderwithItemandAddService" name="CreatePurchaseorderwithItemandAddService" time="41.749"/>
  <system-out/>
</testsuite> <!-- purchaseOrderTestScript.T2_CreatePurchaseorderwithItemandAddService -->
