<?xml version="1.0" encoding="UTF-8"?>
<!-- Generated by org.testng.reporters.JUnitReportReporter -->
<testsuite hostname="LAPTOP-QS2J1VMC" failures="0" tests="1" name="purchaseOrderTestScript.CreatePurchaseorderwithItemandAddProduct" time="61.454" errors="0" timestamp="2021-10-08T14:41:28 IST" skipped="0">
  <testcase classname="purchaseOrderTestScript.CreatePurchaseorderwithItemandAddProduct" name="CreatePurchaseorderwithItemandAddProduct" time="61.454"/>
  <system-out/>
</testsuite> <!-- purchaseOrderTestScript.CreatePurchaseorderwithItemandAddProduct -->
