<?xml version="1.0" encoding="UTF-8"?>
<!-- Generated by org.testng.reporters.JUnitReportReporter -->
<testsuite hostname="LAPTOP-QS2J1VMC" failures="0" tests="1" name="purchaseOrderTestScript.CreatePurchaseorderwithItemandDelete" time="66.375" errors="0" timestamp="2021-10-08T12:01:26 IST" skipped="0">
  <testcase classname="purchaseOrderTestScript.CreatePurchaseorderwithItemandDelete" name="CreatePurchaseorderwithItemandAddProduct" time="66.375"/>
  <system-out/>
</testsuite> <!-- purchaseOrderTestScript.CreatePurchaseorderwithItemandDelete -->
